[01:16:33] [main/WARN]: Ambiguity between arguments [teleport, destination] and [teleport, targets] with inputs: [Player, 0123, @e, dd12be42-52a9-4a91-a8a1-11c01849e498]
[01:16:33] [main/WARN]: Ambiguity between arguments [teleport, location] and [teleport, destination] with inputs: [0.1 -0.5 .9, 0 0 0]
[01:16:33] [main/WARN]: Ambiguity between arguments [teleport, location] and [teleport, targets] with inputs: [0.1 -0.5 .9, 0 0 0]
[01:16:33] [main/WARN]: Ambiguity between arguments [teleport, targets] and [teleport, destination] with inputs: [Player, 0123, dd12be42-52a9-4a91-a8a1-11c01849e498]
[01:16:33] [main/WARN]: Ambiguity between arguments [teleport, targets, location] and [teleport, targets, destination] with inputs: [0.1 -0.5 .9, 0 0 0]
[01:16:33] [main/INFO]: Loaded 0 recipes
[01:16:33] [main/INFO]: Loaded 0 advancements
[01:16:33] [Server thread/INFO]: Starting minecraft server version 1.13.2
[01:16:33] [Server thread/WARN]: To start the server with more ram, launch it as "java -Xmx1024M -Xms1024M -jar minecraft_server.jar"
[01:16:33] [Server thread/INFO]: Loading properties
[01:16:33] [Server thread/INFO]: Default game type: SURVIVAL
[01:16:33] [Server thread/INFO]: Generating keypair
[01:16:33] [Server thread/INFO]: Starting Minecraft server on *:25565
[01:16:33] [Server thread/INFO]: Using epoll channel type
[01:16:33] [Server thread/INFO]: Preparing level "world"
[01:16:33] [Server thread/INFO]: Reloading ResourceManager: Default
[01:16:35] [Server thread/INFO]: Loaded 524 recipes
[01:16:35] [Server thread/INFO]: Loaded 571 advancements
[01:16:35] [Server thread/INFO]: Preparing start region for dimension minecraft:overworld
[01:16:36] [Server thread/INFO]: Preparing spawn area: 4%
[01:16:36] [Server thread/INFO]: Preparing spawn area: 8%
[01:16:36] [Server thread/INFO]: Preparing spawn area: 12%
[01:16:36] [Server thread/INFO]: Preparing spawn area: 16%
[01:16:36] [Server thread/INFO]: Preparing spawn area: 20%
[01:16:36] [Server thread/INFO]: Preparing spawn area: 24%
[01:16:36] [Server thread/INFO]: Preparing spawn area: 28%
[01:16:36] [Server thread/INFO]: Preparing spawn area: 32%
[01:16:36] [Server thread/INFO]: Preparing spawn area: 36%
[01:16:36] [Server thread/INFO]: Preparing spawn area: 40%
[01:16:36] [Server thread/INFO]: Preparing spawn area: 44%
[01:16:37] [Server thread/INFO]: Preparing spawn area: 48%
[01:16:37] [Server thread/INFO]: Preparing spawn area: 52%
[01:16:37] [Server thread/INFO]: Preparing spawn area: 56%
[01:16:37] [Server thread/INFO]: Preparing spawn area: 60%
[01:16:37] [Server thread/INFO]: Preparing spawn area: 64%
[01:16:37] [Server thread/INFO]: Preparing spawn area: 68%
[01:16:37] [Server thread/INFO]: Preparing spawn area: 72%
[01:16:37] [Server thread/INFO]: Preparing spawn area: 76%
[01:16:37] [Server thread/INFO]: Preparing spawn area: 80%
[01:16:37] [Server thread/INFO]: Preparing spawn area: 84%
[01:16:37] [Server thread/INFO]: Preparing spawn area: 88%
[01:16:37] [Server thread/INFO]: Preparing spawn area: 92%
[01:16:37] [Server thread/INFO]: Preparing spawn area: 96%
[01:16:37] [Server thread/INFO]: Preparing spawn area: 100%
[01:16:37] [Server thread/INFO]: Time elapsed: 1911 ms
[01:16:37] [Server thread/INFO]: Done (3.931s)! For help, type "help"
[01:16:41] [Server thread/INFO]: /advancement (grant|revoke)
[01:16:41] [Server thread/INFO]: /ban <targets> [<reason>]
[01:16:41] [Server thread/INFO]: /ban-ip <target> [<reason>]
[01:16:41] [Server thread/INFO]: /banlist [ips|players]
[01:16:41] [Server thread/INFO]: /bossbar (add|get|list|remove|set)
[01:16:41] [Server thread/INFO]: /clear [<targets>]
[01:16:41] [Server thread/INFO]: /clone <begin> <end> <destination> [filtered|masked|replace]
[01:16:41] [Server thread/INFO]: /data (get|merge|remove)
[01:16:41] [Server thread/INFO]: /datapack (disable|enable|list)
[01:16:41] [Server thread/INFO]: /debug (start|stop)
[01:16:41] [Server thread/INFO]: /defaultgamemode (adventure|creative|spectator|survival)
[01:16:41] [Server thread/INFO]: /deop <targets>
[01:16:41] [Server thread/INFO]: /difficulty [easy|hard|normal|peaceful]
[01:16:41] [Server thread/INFO]: /effect (clear|give)
[01:16:41] [Server thread/INFO]: /enchant <targets> <enchantment> [<level>]
[01:16:41] [Server thread/INFO]: /execute (align|anchored|as|at|facing|if|in|positioned|rotated|run|store|unless)
[01:16:41] [Server thread/INFO]: /experience (add|query|set)
[01:16:41] [Server thread/INFO]: /fill <from> <to> <block> [destroy|hollow|keep|outline|replace]
[01:16:41] [Server thread/INFO]: /forceload (add|query|remove)
[01:16:41] [Server thread/INFO]: /function <name>
[01:16:41] [Server thread/INFO]: /gamemode (adventure|creative|spectator|survival)
[01:16:41] [Server thread/INFO]: /gamerule (announceAdvancements|commandBlockOutput|disableElytraMovementCheck|doDaylightCycle|doEntityDrops|doFireTick|doLimitedCrafting|doMobLoot|doMobSpawning|doTileDrops|doWeatherCycle|keepInventory|logAdminCommands|maxCommandChainLength|maxEntityCramming|mobGriefing|naturalRegeneration|randomTickSpeed|reducedDebugInfo|sendCommandFeedback|showDeathMessages|spawnRadius|spectatorsGenerateChunks)
[01:16:41] [Server thread/INFO]: /give <targets> <item> [<count>]
[01:16:41] [Server thread/INFO]: /help [<command>]
[01:16:41] [Server thread/INFO]: /kick <targets> [<reason>]
[01:16:41] [Server thread/INFO]: /kill <targets>
[01:16:41] [Server thread/INFO]: /list [uuids]
[01:16:41] [Server thread/INFO]: /locate (Buried_Treasure|Desert_Pyramid|EndCity|Fortress|Igloo|Jungle_Pyramid|Mansion|Mineshaft|Monument|Ocean_Ruin|Shipwreck|Stronghold|Swamp_Hut|Village)
[01:16:41] [Server thread/INFO]: /me <action>
[01:16:41] [Server thread/INFO]: /msg <targets> <message>
[01:16:41] [Server thread/INFO]: /op <targets>
[01:16:41] [Server thread/INFO]: /pardon <targets>
[01:16:41] [Server thread/INFO]: /pardon-ip <target>
[01:16:41] [Server thread/INFO]: /particle <name> [<pos>]
[01:16:41] [Server thread/INFO]: /playsound <sound> (ambient|block|hostile|master|music|neutral|player|record|voice|weather)
[01:16:41] [Server thread/INFO]: /recipe (give|take)
[01:16:41] [Server thread/INFO]: /reload
[01:16:41] [Server thread/INFO]: /replaceitem (block|entity)
[01:16:41] [Server thread/INFO]: /save-all [flush]
[01:16:41] [Server thread/INFO]: /save-off
[01:16:41] [Server thread/INFO]: /save-on
[01:16:41] [Server thread/INFO]: /say <message>
[01:16:41] [Server thread/INFO]: /scoreboard (objectives|players)
[01:16:41] [Server thread/INFO]: /seed
[01:16:41] [Server thread/INFO]: /setblock <pos> <block> [destroy|keep|replace]
[01:16:41] [Server thread/INFO]: /setidletimeout <minutes>
[01:16:41] [Server thread/INFO]: /setworldspawn [<pos>]
[01:16:41] [Server thread/INFO]: /spawnpoint [<targets>]
[01:16:41] [Server thread/INFO]: /spreadplayers <center> <spreadDistance> <maxRange> <respectTeams> <targets>
[01:16:41] [Server thread/INFO]: /stop
[01:16:41] [Server thread/INFO]: /stopsound <targets> [*|ambient|block|hostile|master|music|neutral|player|record|voice|weather]
[01:16:41] [Server thread/INFO]: /summon <entity> [<pos>]
[01:16:41] [Server thread/INFO]: /tag <targets> (add|list|remove)
[01:16:41] [Server thread/INFO]: /team (add|empty|join|leave|list|modify|remove)
[01:16:41] [Server thread/INFO]: /teleport (<destination>|<location>|<targets>)
[01:16:41] [Server thread/INFO]: /tell -> msg
[01:16:41] [Server thread/INFO]: /tellraw <targets> <message>
[01:16:41] [Server thread/INFO]: /time (add|query|set)
[01:16:41] [Server thread/INFO]: /title <targets> (actionbar|clear|reset|subtitle|times|title)
[01:16:41] [Server thread/INFO]: /tp -> teleport
[01:16:41] [Server thread/INFO]: /trigger <objective> [add|set]
[01:16:41] [Server thread/INFO]: /w -> msg
[01:16:41] [Server thread/INFO]: /weather (clear|rain|thunder)
[01:16:41] [Server thread/INFO]: /whitelist (add|list|off|on|reload|remove)
[01:16:41] [Server thread/INFO]: /worldborder (add|center|damage|get|set|warning)
[01:16:41] [Server thread/INFO]: /xp -> experience
[01:25:21] [Server thread/INFO]: Stopping the server
[01:25:21] [Server thread/INFO]: Stopping server
[01:25:21] [Server thread/INFO]: Saving players
[01:25:21] [Server thread/INFO]: Saving worlds
[01:25:21] [Server thread/INFO]: Saving chunks for level 'world'/minecraft:overworld
[01:25:21] [Server thread/INFO]: Saving chunks for level 'world'/minecraft:the_end
[01:25:21] [Server thread/INFO]: Saving chunks for level 'world'/minecraft:the_nether
[01:25:21] [Server Shutdown Thread/INFO]: Stopping server
[01:25:21] [Server Shutdown Thread/INFO]: Saving players
[01:25:21] [Server Shutdown Thread/INFO]: Saving worlds
[01:25:21] [Server Shutdown Thread/INFO]: Saving chunks for level 'world'/minecraft:overworld
[01:25:21] [Server Shutdown Thread/INFO]: Saving chunks for level 'world'/minecraft:the_end
