#
# There is insufficient memory for the Java Runtime Environment to continue.
# Native memory allocation (mmap) failed to map 1431699456 bytes for committing reserved memory.
# Possible reasons:
#   The system is out of physical RAM or swap space
#   In 32 bit mode, the process size limit was hit
# Possible solutions:
#   Reduce memory load on the system
#   Increase physical memory or swap space
#   Check if swap backing store is full
#   Use 64 bit Java on a 64 bit OS
#   Decrease Java heap size (-Xmx/-Xms)
#   Decrease number of Java threads
#   Decrease Java thread stack sizes (-Xss)
#   Set larger code cache with -XX:ReservedCodeCacheSize=
# This output file may be truncated or incomplete.
#
#  Out of Memory Error (os_linux.cpp:2651), pid=1389, tid=0x00007f964d5bd700
#
# JRE version:  (8.0_151-b12) (build )
# Java VM: OpenJDK 64-Bit Server VM (25.151-b12 mixed mode linux-amd64 compressed oops)
# Failed to write core dump. Core dumps have been disabled. To enable core dumping, try "ulimit -c unlimited" before starting Java again
#

---------------  T H R E A D  ---------------

Current thread (0x00007f96440088f0):  JavaThread "Unknown thread" [_thread_in_vm, id=1390, stack(0x00007f964d4bd000,0x00007f964d5be000)]

Stack: [0x00007f964d4bd000,0x00007f964d5be000],  sp=0x00007f964d5bc4a0,  free space=1021k
Native frames: (J=compiled Java code, j=interpreted, Vv=VM code, C=native code)
V  [libjvm.so+0xaafa5d]
V  [libjvm.so+0x4eb16a]
V  [libjvm.so+0x8ad2f8]
V  [libjvm.so+0x8a782e]
V  [libjvm.so+0xaac854]
V  [libjvm.so+0x5d9c1c]
V  [libjvm.so+0xa50374]
V  [libjvm.so+0x5da8cb]
V  [libjvm.so+0x5cb908]
V  [libjvm.so+0xa78f89]
V  [libjvm.so+0xa79222]
V  [libjvm.so+0x61abd5]
V  [libjvm.so+0xa5be9e]
V  [libjvm.so+0x6954b5]  JNI_CreateJavaVM+0x65
C  [libjli.so+0x3017]
C  [libpthread.so.0+0x7de5]  start_thread+0xc5


---------------  P R O C E S S  ---------------

Java Threads: ( => current thread )

Other Threads:

=>0x00007f96440088f0 (exited) JavaThread "Unknown thread" [_thread_in_vm, id=1390, stack(0x00007f964d4bd000,0x00007f964d5be000)]

VM state:not at safepoint (not fully initialized)

VM Mutex/Monitor currently owned by a thread: None

GC Heap History (0 events):
No events

Deoptimization events (0 events):
No events

Internal exceptions (0 events):
No events

Events (0 events):
No events


Dynamic libraries:
00400000-00401000 r-xp 00000000 ca:01 276117                             /usr/lib/jvm/java-1.8.0-openjdk-1.8.0.151-1.b12.35.amzn1.x86_64/jre/bin/java
00600000-00601000 rw-p 00000000 ca:01 276117                             /usr/lib/jvm/java-1.8.0-openjdk-1.8.0.151-1.b12.35.amzn1.x86_64/jre/bin/java
023fc000-0241d000 rw-p 00000000 00:00 0                                  [heap]
80000000-aaaa0000 rw-p 00000000 00:00 0 
7f9635000000-7f9635270000 rwxp 00000000 00:00 0 
7f9635270000-7f9644000000 ---p 00000000 00:00 0 
7f9644000000-7f9644030000 rw-p 00000000 00:00 0 
7f9644030000-7f9648000000 ---p 00000000 00:00 0 
7f9649d22000-7f9649e78000 rw-p 00000000 00:00 0 
7f9649e78000-7f964a122000 ---p 00000000 00:00 0 
7f964a122000-7f964a12d000 rw-p 00000000 00:00 0 
7f964a12d000-7f964a4e3000 ---p 00000000 00:00 0 
7f964a4e3000-7f964a4eb000 r-xp 00000000 ca:01 276161                     /usr/lib/jvm/java-1.8.0-openjdk-1.8.0.151-1.b12.35.amzn1.x86_64/jre/lib/amd64/libzip.so
7f964a4eb000-7f964a6eb000 ---p 00008000 ca:01 276161                     /usr/lib/jvm/java-1.8.0-openjdk-1.8.0.151-1.b12.35.amzn1.x86_64/jre/lib/amd64/libzip.so
7f964a6eb000-7f964a6ec000 rw-p 00008000 ca:01 276161                     /usr/lib/jvm/java-1.8.0-openjdk-1.8.0.151-1.b12.35.amzn1.x86_64/jre/lib/amd64/libzip.so
7f964a6ec000-7f964a6f8000 r-xp 00000000 ca:01 2709                       /lib64/libnss_files-2.17.so
7f964a6f8000-7f964a8f7000 ---p 0000c000 ca:01 2709                       /lib64/libnss_files-2.17.so
7f964a8f7000-7f964a8f8000 r--p 0000b000 ca:01 2709                       /lib64/libnss_files-2.17.so
7f964a8f8000-7f964a8f9000 rw-p 0000c000 ca:01 2709                       /lib64/libnss_files-2.17.so
7f964a8f9000-7f964a8ff000 rw-p 00000000 00:00 0 
7f964a8ff000-7f964a92c000 r-xp 00000000 ca:01 276143                     /usr/lib/jvm/java-1.8.0-openjdk-1.8.0.151-1.b12.35.amzn1.x86_64/jre/lib/amd64/libjava.so
7f964a92c000-7f964ab2c000 ---p 0002d000 ca:01 276143                     /usr/lib/jvm/java-1.8.0-openjdk-1.8.0.151-1.b12.35.amzn1.x86_64/jre/lib/amd64/libjava.so
7f964ab2c000-7f964ab2e000 rw-p 0002d000 ca:01 276143                     /usr/lib/jvm/java-1.8.0-openjdk-1.8.0.151-1.b12.35.amzn1.x86_64/jre/lib/amd64/libjava.so
7f964ab2e000-7f964ab3b000 r-xp 00000000 ca:01 276160                     /usr/lib/jvm/java-1.8.0-openjdk-1.8.0.151-1.b12.35.amzn1.x86_64/jre/lib/amd64/libverify.so
7f964ab3b000-7f964ad3a000 ---p 0000d000 ca:01 276160                     /usr/lib/jvm/java-1.8.0-openjdk-1.8.0.151-1.b12.35.amzn1.x86_64/jre/lib/amd64/libverify.so
7f964ad3a000-7f964ad3c000 rw-p 0000c000 ca:01 276160                     /usr/lib/jvm/java-1.8.0-openjdk-1.8.0.151-1.b12.35.amzn1.x86_64/jre/lib/amd64/libverify.so
7f964ad3c000-7f964ad43000 r-xp 00000000 ca:01 2721                       /lib64/librt-2.17.so
7f964ad43000-7f964af42000 ---p 00007000 ca:01 2721                       /lib64/librt-2.17.so
7f964af42000-7f964af43000 r--p 00006000 ca:01 2721                       /lib64/librt-2.17.so
7f964af43000-7f964af44000 rw-p 00007000 ca:01 2721                       /lib64/librt-2.17.so
7f964af44000-7f964af5a000 r-xp 00000000 ca:01 2617                       /lib64/libgcc_s-6.4.1-20170727.so.1
7f964af5a000-7f964b159000 ---p 00016000 ca:01 2617                       /lib64/libgcc_s-6.4.1-20170727.so.1
7f964b159000-7f964b15a000 rw-p 00015000 ca:01 2617                       /lib64/libgcc_s-6.4.1-20170727.so.1
7f964b15a000-7f964b25b000 r-xp 00000000 ca:01 2699                       /lib64/libm-2.17.so
7f964b25b000-7f964b45a000 ---p 00101000 ca:01 2699                       /lib64/libm-2.17.so
7f964b45a000-7f964b45b000 r--p 00100000 ca:01 2699                       /lib64/libm-2.17.so
7f964b45b000-7f964b45c000 rw-p 00101000 ca:01 2699                       /lib64/libm-2.17.so
7f964b45c000-7f964b5cf000 r-xp 00000000 ca:01 2936                       /usr/lib64/libstdc++.so.6.0.22
7f964b5cf000-7f964b7cf000 ---p 00173000 ca:01 2936                       /usr/lib64/libstdc++.so.6.0.22
7f964b7cf000-7f964b7d9000 r--p 00173000 ca:01 2936                       /usr/lib64/libstdc++.so.6.0.22
7f964b7d9000-7f964b7db000 rw-p 0017d000 ca:01 2936                       /usr/lib64/libstdc++.so.6.0.22
7f964b7db000-7f964b7df000 rw-p 00000000 00:00 0 
7f964b7df000-7f964c49f000 r-xp 00000000 ca:01 276165                     /usr/lib/jvm/java-1.8.0-openjdk-1.8.0.151-1.b12.35.amzn1.x86_64/jre/lib/amd64/server/libjvm.so
7f964c49f000-7f964c69f000 ---p 00cc0000 ca:01 276165                     /usr/lib/jvm/java-1.8.0-openjdk-1.8.0.151-1.b12.35.amzn1.x86_64/jre/lib/amd64/server/libjvm.so
7f964c69f000-7f964c773000 rw-p 00cc0000 ca:01 276165                     /usr/lib/jvm/java-1.8.0-openjdk-1.8.0.151-1.b12.35.amzn1.x86_64/jre/lib/amd64/server/libjvm.so
7f964c773000-7f964c7a5000 rw-p 00000000 00:00 0 
7f964c7a5000-7f964c95f000 r-xp 00000000 ca:01 2691                       /lib64/libc-2.17.so
7f964c95f000-7f964cb5e000 ---p 001ba000 ca:01 2691                       /lib64/libc-2.17.so
7f964cb5e000-7f964cb62000 r--p 001b9000 ca:01 2691                       /lib64/libc-2.17.so
7f964cb62000-7f964cb64000 rw-p 001bd000 ca:01 2691                       /lib64/libc-2.17.so
7f964cb64000-7f964cb69000 rw-p 00000000 00:00 0 
7f964cb69000-7f964cb6b000 r-xp 00000000 ca:01 2697                       /lib64/libdl-2.17.so
7f964cb6b000-7f964cd6b000 ---p 00002000 ca:01 2697                       /lib64/libdl-2.17.so
7f964cd6b000-7f964cd6c000 r--p 00002000 ca:01 2697                       /lib64/libdl-2.17.so
7f964cd6c000-7f964cd6d000 rw-p 00003000 ca:01 2697                       /lib64/libdl-2.17.so
7f964cd6d000-7f964cd7b000 r-xp 00000000 ca:01 276130                     /usr/lib/jvm/java-1.8.0-openjdk-1.8.0.151-1.b12.35.amzn1.x86_64/jre/lib/amd64/jli/libjli.so
7f964cd7b000-7f964cf7a000 ---p 0000e000 ca:01 276130                     /usr/lib/jvm/java-1.8.0-openjdk-1.8.0.151-1.b12.35.amzn1.x86_64/jre/lib/amd64/jli/libjli.so
7f964cf7a000-7f964cf7b000 rw-p 0000d000 ca:01 276130                     /usr/lib/jvm/java-1.8.0-openjdk-1.8.0.151-1.b12.35.amzn1.x86_64/jre/lib/amd64/jli/libjli.so
7f964cf7b000-7f964cf90000 r-xp 00000000 ca:01 2837                       /lib64/libz.so.1.2.8
7f964cf90000-7f964d18f000 ---p 00015000 ca:01 2837                       /lib64/libz.so.1.2.8
7f964d18f000-7f964d190000 r--p 00014000 ca:01 2837                       /lib64/libz.so.1.2.8
7f964d190000-7f964d191000 rw-p 00015000 ca:01 2837                       /lib64/libz.so.1.2.8
7f964d191000-7f964d1a8000 r-xp 00000000 ca:01 2717                       /lib64/libpthread-2.17.so
7f964d1a8000-7f964d3a7000 ---p 00017000 ca:01 2717                       /lib64/libpthread-2.17.so
7f964d3a7000-7f964d3a8000 r--p 00016000 ca:01 2717                       /lib64/libpthread-2.17.so
7f964d3a8000-7f964d3a9000 rw-p 00017000 ca:01 2717                       /lib64/libpthread-2.17.so
7f964d3a9000-7f964d3ad000 rw-p 00000000 00:00 0 
7f964d3ad000-7f964d3ce000 r-xp 00000000 ca:01 2684                       /lib64/ld-2.17.so
7f964d4ba000-7f964d4bd000 rw-p 00000000 00:00 0 
7f964d4bd000-7f964d4c0000 ---p 00000000 00:00 0 
7f964d4c0000-7f964d5c3000 rw-p 00000000 00:00 0 
7f964d5c3000-7f964d5cb000 rw-s 00000000 ca:01 399138                     /tmp/hsperfdata_root/1389
7f964d5cb000-7f964d5cc000 rw-p 00000000 00:00 0 
7f964d5cc000-7f964d5cd000 r--p 00000000 00:00 0 
7f964d5cd000-7f964d5ce000 rw-p 00000000 00:00 0 
7f964d5ce000-7f964d5cf000 r--p 00021000 ca:01 2684                       /lib64/ld-2.17.so
7f964d5cf000-7f964d5d0000 rw-p 00022000 ca:01 2684                       /lib64/ld-2.17.so
7f964d5d0000-7f964d5d1000 rw-p 00000000 00:00 0 
7ffccead1000-7ffcceaf2000 rw-p 00000000 00:00 0                          [stack]
7ffccebec000-7ffccebee000 r--p 00000000 00:00 0                          [vvar]
7ffccebee000-7ffccebf0000 r-xp 00000000 00:00 0                          [vdso]
ffffffffff600000-ffffffffff601000 r-xp 00000000 00:00 0                  [vsyscall]

VM Arguments:
jvm_args: -Xms2048M 
java_command: / Xmx2048M -jar ./minecraft_server.1.13.2.jar
java_class_path (initial): .
Launcher Type: SUN_STANDARD

Environment Variables:
PATH=/sbin:/bin:/usr/sbin:/usr/bin
USERNAME=root
SHELL=/bin/bash

Signal Handlers:
SIGSEGV: [libjvm.so+0xab0570], sa_mask[0]=11111111011111111101111111111110, sa_flags=SA_RESTART|SA_SIGINFO
SIGBUS: [libjvm.so+0xab0570], sa_mask[0]=11111111011111111101111111111110, sa_flags=SA_RESTART|SA_SIGINFO
SIGFPE: [libjvm.so+0x8a8ae0], sa_mask[0]=11111111011111111101111111111110, sa_flags=SA_RESTART|SA_SIGINFO
SIGPIPE: [libjvm.so+0x8a8ae0], sa_mask[0]=11111111011111111101111111111110, sa_flags=SA_RESTART|SA_SIGINFO
SIGXFSZ: [libjvm.so+0x8a8ae0], sa_mask[0]=11111111011111111101111111111110, sa_flags=SA_RESTART|SA_SIGINFO
SIGILL: [libjvm.so+0x8a8ae0], sa_mask[0]=11111111011111111101111111111110, sa_flags=SA_RESTART|SA_SIGINFO
SIGUSR1: SIG_DFL, sa_mask[0]=00000000000000000000000000000000, sa_flags=none
SIGUSR2: [libjvm.so+0x8a8990], sa_mask[0]=00000000000000000000000000000000, sa_flags=SA_RESTART|SA_SIGINFO
SIGHUP: SIG_DFL, sa_mask[0]=00000000000000000000000000000000, sa_flags=none
SIGINT: SIG_DFL, sa_mask[0]=00000000000000000000000000000000, sa_flags=none
SIGTERM: SIG_DFL, sa_mask[0]=00000000000000000000000000000000, sa_flags=none
SIGQUIT: SIG_DFL, sa_mask[0]=00000000000000000000000000000000, sa_flags=none


---------------  S Y S T E M  ---------------

OS:Amazon Linux AMI release 2017.09

uname:Linux 4.9.70-22.55.amzn1.x86_64 #1 SMP Wed Dec 20 23:36:28 UTC 2017 x86_64
libc:glibc 2.17 NPTL 2.17 
rlimit: STACK 8192k, CORE 0k, NPROC 3903, NOFILE 4096, AS infinity
load average:1.13 0.80 0.37

/proc/meminfo:
MemTotal:        1017296 kB
MemFree:          511188 kB
MemAvailable:     781744 kB
Buffers:          143568 kB
Cached:           144940 kB
SwapCached:            0 kB
Active:           201972 kB
Inactive:         113272 kB
Active(anon):      26748 kB
Inactive(anon):       48 kB
Active(file):     175224 kB
Inactive(file):   113224 kB
Unevictable:           0 kB
Mlocked:               0 kB
SwapTotal:             0 kB
SwapFree:              0 kB
Dirty:                60 kB
Writeback:             0 kB
AnonPages:         26740 kB
Mapped:            30604 kB
Shmem:                56 kB
Slab:             178168 kB
SReclaimable:     166144 kB
SUnreclaim:        12024 kB
KernelStack:        1696 kB
PageTables:         2960 kB
NFS_Unstable:          0 kB
Bounce:                0 kB
WritebackTmp:          0 kB
CommitLimit:      508648 kB
Committed_AS:     873156 kB
VmallocTotal:   34359738367 kB
VmallocUsed:           0 kB
VmallocChunk:          0 kB
AnonHugePages:         0 kB
ShmemHugePages:        0 kB
ShmemPmdMapped:        0 kB
HugePages_Total:       0
HugePages_Free:        0
HugePages_Rsvd:        0
HugePages_Surp:        0
Hugepagesize:       2048 kB
DirectMap4k:       12288 kB
DirectMap2M:     1036288 kB


CPU:total 1 (initial active 1) (1 cores per cpu, 1 threads per core) family 6 model 63 stepping 2, cmov, cx8, fxsr, mmx, sse, sse2, sse3, ssse3, sse4.1, sse4.2, popcnt, avx, avx2, aes, clmul, erms, lzcnt, tsc, bmi1, bmi2

/proc/cpuinfo:
processor	: 0
vendor_id	: GenuineIntel
cpu family	: 6
model		: 63
model name	: Intel(R) Xeon(R) CPU E5-2676 v3 @ 2.40GHz
stepping	: 2
microcode	: 0x3d
cpu MHz		: 2399.887
cache size	: 30720 KB
physical id	: 0
siblings	: 1
core id		: 0
cpu cores	: 1
apicid		: 0
initial apicid	: 0
fpu		: yes
fpu_exception	: yes
cpuid level	: 13
wp		: yes
flags		: fpu vme de pse tsc msr pae mce cx8 apic sep mtrr pge mca cmov pat pse36 clflush mmx fxsr sse sse2 ht syscall nx rdtscp lm constant_tsc rep_good nopl xtopology eagerfpu pni pclmulqdq ssse3 fma cx16 pcid sse4_1 sse4_2 x2apic movbe popcnt tsc_deadline_timer aes xsave avx f16c rdrand hypervisor lahf_lm abm fsgsbase bmi1 avx2 smep bmi2 erms invpcid xsaveopt
bugs		:
bogomips	: 4800.07
clflush size	: 64
cache_alignment	: 64
address sizes	: 46 bits physical, 48 bits virtual
power management:



Memory: 4k page, physical 1017296k(511188k free), swap 0k(0k free)

vm_info: OpenJDK 64-Bit Server VM (25.151-b12) for linux-amd64 JRE (1.8.0_151-b12), built on Oct 25 2017 20:37:17 by "mockbuild" with gcc 4.8.5 20150623 (Red Hat 4.8.5-11)

time: Sun Mar 10 20:19:13 2019
elapsed time: 0 seconds (0d 0h 0m 0s)

