[20:25:31] [main/WARN]: Ambiguity between arguments [teleport, destination] and [teleport, targets] with inputs: [Player, 0123, @e, dd12be42-52a9-4a91-a8a1-11c01849e498]
[20:25:31] [main/WARN]: Ambiguity between arguments [teleport, location] and [teleport, destination] with inputs: [0.1 -0.5 .9, 0 0 0]
[20:25:31] [main/WARN]: Ambiguity between arguments [teleport, location] and [teleport, targets] with inputs: [0.1 -0.5 .9, 0 0 0]
[20:25:31] [main/WARN]: Ambiguity between arguments [teleport, targets] and [teleport, destination] with inputs: [Player, 0123, dd12be42-52a9-4a91-a8a1-11c01849e498]
[20:25:31] [main/WARN]: Ambiguity between arguments [teleport, targets, location] and [teleport, targets, destination] with inputs: [0.1 -0.5 .9, 0 0 0]
[20:25:31] [main/INFO]: Loaded 0 recipes
[20:25:31] [main/INFO]: Loaded 0 advancements
[20:25:31] [Server thread/INFO]: Starting minecraft server version 1.13.2
[20:25:31] [Server thread/WARN]: To start the server with more ram, launch it as "java -Xmx1024M -Xms1024M -jar minecraft_server.jar"
[20:25:31] [Server thread/INFO]: Loading properties
[20:25:31] [Server thread/INFO]: Default game type: SURVIVAL
[20:25:31] [Server thread/INFO]: Generating keypair
[20:25:31] [Server thread/INFO]: Starting Minecraft server on *:25565
[20:25:31] [Server thread/INFO]: Using epoll channel type
[20:25:31] [Server thread/INFO]: Preparing level "world"
[20:25:31] [Server thread/INFO]: Reloading ResourceManager: Default
[20:25:33] [Server thread/INFO]: Loaded 524 recipes
[20:25:33] [Server thread/INFO]: Loaded 571 advancements
[20:25:34] [Server thread/INFO]: Preparing start region for dimension minecraft:overworld
[20:25:34] [Server thread/INFO]: Preparing spawn area: 4%
[20:25:34] [Server thread/INFO]: Preparing spawn area: 8%
[20:25:34] [Server thread/INFO]: Preparing spawn area: 12%
[20:25:35] [Server thread/INFO]: Preparing spawn area: 16%
[20:25:35] [Server thread/INFO]: Preparing spawn area: 20%
[20:25:35] [Server thread/INFO]: Preparing spawn area: 24%
[20:25:35] [Server thread/INFO]: Preparing spawn area: 28%
[20:25:35] [Server thread/INFO]: Preparing spawn area: 32%
[20:25:35] [Server thread/INFO]: Preparing spawn area: 36%
[20:25:35] [Server thread/INFO]: Preparing spawn area: 40%
[20:25:35] [Server Shutdown Thread/INFO]: Stopping server
[20:25:35] [Server Shutdown Thread/INFO]: Saving players
[20:25:35] [Server Shutdown Thread/INFO]: Saving worlds
[20:25:35] [Server Shutdown Thread/INFO]: Saving chunks for level 'world'/minecraft:the_end
[20:25:35] [Server Shutdown Thread/INFO]: Saving chunks for level 'world'/minecraft:overworld
